<?xml version="1.0" encoding="UTF-8"?>
<coverage generated="1738197081451" clover="3.2.0">
  <project timestamp="1738197081451" name="All files">
    <metrics statements="18" coveredstatements="18" conditionals="18" coveredconditionals="18" methods="6" coveredmethods="6" elements="42" coveredelements="42" complexity="0" loc="18" ncloc="18" packages="1" files="1" classes="1"/>
    <file name="functions.js" path="C:\Users\VISHAL\Desktop\Four-Junction-Assignment\Unit Test Assignment\functions.js">
      <metrics statements="18" coveredstatements="18" conditionals="18" coveredconditionals="18" methods="6" coveredmethods="6"/>
      <line num="4" count="10" type="cond" truecount="5" falsecount="0"/>
      <line num="5" count="3" type="stmt"/>
      <line num="7" count="7" type="stmt"/>
      <line num="13" count="8" type="cond" truecount="4" falsecount="0"/>
      <line num="14" count="3" type="stmt"/>
      <line num="16" count="12" type="stmt"/>
      <line num="21" count="7" type="cond" truecount="5" falsecount="0"/>
      <line num="22" count="2" type="stmt"/>
      <line num="24" count="5" type="stmt"/>
      <line num="25" count="12" type="cond" truecount="2" falsecount="0"/>
      <line num="26" count="6" type="stmt"/>
      <line num="29" count="6" type="stmt"/>
      <line num="36" count="14" type="cond" truecount="2" falsecount="0"/>
      <line num="37" count="1" type="stmt"/>
      <line num="39" count="13" type="stmt"/>
      <line num="40" count="13" type="stmt"/>
      <line num="44" count="1" type="stmt"/>
      <line num="45" count="1" type="stmt"/>
    </file>
  </project>
</coverage>
