{"C:\\Users\\VISHAL\\Desktop\\Four-Junction-Assignment\\Unit Test Assignment\\functions.js": {"path":"C:\\Users\\VISHAL\\Desktop\\Four-Junction-Assignment\\Unit Test Assignment\\functions.js","statementMap":{"0":{"start":{"line":4,"column":4},"end":{"line":6,"column":5}},"1":{"start":{"line":5,"column":8},"end":{"line":5,"column":40}},"2":{"start":{"line":7,"column":4},"end":{"line":7,"column":44}},"3":{"start":{"line":13,"column":4},"end":{"line":15,"column":5}},"4":{"start":{"line":14,"column":8},"end":{"line":14,"column":40}},"5":{"start":{"line":16,"column":4},"end":{"line":16,"column":96}},"6":{"start":{"line":16,"column":38},"end":{"line":16,"column":94}},"7":{"start":{"line":21,"column":4},"end":{"line":23,"column":5}},"8":{"start":{"line":22,"column":8},"end":{"line":22,"column":40}},"9":{"start":{"line":24,"column":4},"end":{"line":31,"column":7}},"10":{"start":{"line":25,"column":8},"end":{"line":30,"column":9}},"11":{"start":{"line":26,"column":12},"end":{"line":26,"column":37}},"12":{"start":{"line":29,"column":12},"end":{"line":29,"column":48}},"13":{"start":{"line":36,"column":4},"end":{"line":38,"column":5}},"14":{"start":{"line":37,"column":8},"end":{"line":37,"column":41}},"15":{"start":{"line":39,"column":23},"end":{"line":39,"column":51}},"16":{"start":{"line":40,"column":4},"end":{"line":40,"column":33}},"17":{"start":{"line":44,"column":14},"end":{"line":44,"column":78}},"18":{"start":{"line":45,"column":0},"end":{"line":45,"column":23}}},"fnMap":{"0":{"name":"calculateDiscount","decl":{"start":{"line":3,"column":9},"end":{"line":3,"column":26}},"loc":{"start":{"line":3,"column":44},"end":{"line":9,"column":1}},"line":3},"1":{"name":"filterProducts","decl":{"start":{"line":12,"column":9},"end":{"line":12,"column":23}},"loc":{"start":{"line":12,"column":40},"end":{"line":17,"column":1}},"line":12},"2":{"name":"(anonymous_2)","decl":{"start":{"line":16,"column":27},"end":{"line":16,"column":28}},"loc":{"start":{"line":16,"column":38},"end":{"line":16,"column":94}},"line":16},"3":{"name":"sortProducts","decl":{"start":{"line":20,"column":9},"end":{"line":20,"column":21}},"loc":{"start":{"line":20,"column":36},"end":{"line":32,"column":1}},"line":20},"4":{"name":"(anonymous_4)","decl":{"start":{"line":24,"column":25},"end":{"line":24,"column":26}},"loc":{"start":{"line":24,"column":34},"end":{"line":31,"column":5}},"line":24},"5":{"name":"validateEmail","decl":{"start":{"line":35,"column":9},"end":{"line":35,"column":22}},"loc":{"start":{"line":35,"column":29},"end":{"line":41,"column":1}},"line":35}},"branchMap":{"0":{"loc":{"start":{"line":4,"column":4},"end":{"line":6,"column":5}},"type":"if","locations":[{"start":{"line":4,"column":4},"end":{"line":6,"column":5}},{"start":{},"end":{}}],"line":4},"1":{"loc":{"start":{"line":4,"column":7},"end":{"line":4,"column":50}},"type":"binary-expr","locations":[{"start":{"line":4,"column":7},"end":{"line":4,"column":16}},{"start":{"line":4,"column":20},"end":{"line":4,"column":32}},{"start":{"line":4,"column":36},"end":{"line":4,"column":50}}],"line":4},"2":{"loc":{"start":{"line":13,"column":4},"end":{"line":15,"column":5}},"type":"if","locations":[{"start":{"line":13,"column":4},"end":{"line":15,"column":5}},{"start":{},"end":{}}],"line":13},"3":{"loc":{"start":{"line":13,"column":7},"end":{"line":13,"column":60}},"type":"binary-expr","locations":[{"start":{"line":13,"column":7},"end":{"line":13,"column":31}},{"start":{"line":13,"column":35},"end":{"line":13,"column":60}}],"line":13},"4":{"loc":{"start":{"line":21,"column":4},"end":{"line":23,"column":5}},"type":"if","locations":[{"start":{"line":21,"column":4},"end":{"line":23,"column":5}},{"start":{},"end":{}}],"line":21},"5":{"loc":{"start":{"line":21,"column":7},"end":{"line":21,"column":70}},"type":"binary-expr","locations":[{"start":{"line":21,"column":7},"end":{"line":21,"column":31}},{"start":{"line":21,"column":36},"end":{"line":21,"column":50}},{"start":{"line":21,"column":54},"end":{"line":21,"column":69}}],"line":21},"6":{"loc":{"start":{"line":25,"column":8},"end":{"line":30,"column":9}},"type":"if","locations":[{"start":{"line":25,"column":8},"end":{"line":30,"column":9}},{"start":{"line":28,"column":12},"end":{"line":30,"column":9}}],"line":25},"7":{"loc":{"start":{"line":36,"column":4},"end":{"line":38,"column":5}},"type":"if","locations":[{"start":{"line":36,"column":4},"end":{"line":38,"column":5}},{"start":{},"end":{}}],"line":36}},"s":{"0":10,"1":3,"2":7,"3":8,"4":3,"5":5,"6":12,"7":7,"8":2,"9":5,"10":12,"11":6,"12":6,"13":14,"14":1,"15":13,"16":13,"17":1,"18":1},"f":{"0":10,"1":8,"2":12,"3":7,"4":12,"5":14},"b":{"0":[3,7],"1":[10,9,8],"2":[3,5],"3":[8,6],"4":[2,5],"5":[7,6,3],"6":[6,6],"7":[1,13]},"_coverageSchema":"1a1c01bbd47fc00a2c39e90264f33305004495a9","hash":"f60ed296b9be7349c1b503a1c781200943da6ad5"}
}
