TN:
SF:Unit Test Assignment\functions.js
FN:3,calculateDiscount
FN:12,filterProducts
FN:16,(anonymous_2)
FN:20,sortProducts
FN:24,(anonymous_4)
FN:35,validateEmail
FNF:6
FNH:6
FNDA:10,calculateDiscount
FNDA:8,filterProducts
FNDA:12,(anonymous_2)
FNDA:7,sortProducts
FNDA:12,(anonymous_4)
FNDA:14,validateEmail
DA:4,10
DA:5,3
DA:7,7
DA:13,8
DA:14,3
DA:16,12
DA:21,7
DA:22,2
DA:24,5
DA:25,12
DA:26,6
DA:29,6
DA:36,14
DA:37,1
DA:39,13
DA:40,13
DA:44,1
DA:45,1
LF:18
LH:18
BRDA:4,0,0,3
BRDA:4,0,1,7
BRDA:4,1,0,10
BRDA:4,1,1,9
BRDA:4,1,2,8
BRDA:13,2,0,3
BRDA:13,2,1,5
BRDA:13,3,0,8
BRDA:13,3,1,6
BRDA:21,4,0,2
BRDA:21,4,1,5
BRDA:21,5,0,7
BRDA:21,5,1,6
BRDA:21,5,2,3
BRDA:25,6,0,6
BRDA:25,6,1,6
BRDA:36,7,0,1
BRDA:36,7,1,13
BRF:18
BRH:18
end_of_record
